<?xml version="1.0" encoding="UTF-8"?>
<!-- Generated by org.testng.reporters.JUnitReportReporter -->
<testsuite skipped="0" hostname="LAPTOP-0MU7EG7P" name="project.project.AppTestTest" tests="1" failures="0" timestamp="29 Dec 2020 21:35:11 GMT" time="0.007" errors="0">
  <testcase name="f" time="0.007" classname="project.project.AppTestTest"/>
</testsuite> <!-- project.project.AppTestTest -->
